c:\users\natha\documents\visual studio 2015\projects\solidumengine\solidumengine\x64\debug\vc140.pdb
c:\users\natha\documents\visual studio 2015\projects\solidumengine\solidumengine\x64\debug\vc140.idb
c:\users\natha\documents\visual studio 2015\projects\solidumengine\solidumengine\x64\debug\dxdevicemanager.obj
c:\users\natha\documents\visual studio 2015\projects\solidumengine\solidumengine\x64\debug\dxdeviceaccessor.obj
c:\users\natha\documents\visual studio 2015\projects\solidumengine\solidumengine\x64\debug\dxtexturesamplestate.obj
c:\users\natha\documents\visual studio 2015\projects\solidumengine\solidumengine\x64\debug\cameracomponent.obj
c:\users\natha\documents\visual studio 2015\projects\solidumengine\solidumengine\x64\debug\dxtexture.obj
c:\users\natha\documents\visual studio 2015\projects\solidumengine\solidumengine\x64\debug\main.obj
c:\users\natha\documents\visual studio 2015\projects\solidumengine\solidumengine\x64\debug\mesh.obj
c:\users\natha\documents\visual studio 2015\projects\solidumengine\solidumengine\x64\debug\meshloader.obj
c:\users\natha\documents\visual studio 2015\projects\solidumengine\solidumengine\x64\debug\meshloaderobj.obj
c:\users\natha\documents\visual studio 2015\projects\solidumengine\solidumengine\x64\debug\window.obj
c:\users\natha\documents\visual studio 2015\projects\solidumengine\solidumengine\x64\debug\transform.obj
c:\users\natha\documents\visual studio 2015\projects\solidumengine\solidumengine\x64\debug\stringmanipulation.obj
c:\users\natha\documents\visual studio 2015\projects\solidumengine\solidumengine\x64\debug\texture.obj
c:\users\natha\documents\visual studio 2015\projects\solidumengine\solidumengine\x64\debug\texturesampler.obj
c:\users\natha\documents\visual studio 2015\projects\solidumengine\solidumengine\x64\debug\texturemanager.obj
c:\users\natha\documents\visual studio 2015\projects\solidumengine\solidumengine\x64\debug\texturesamplermanager.obj
c:\users\natha\documents\visual studio 2015\projects\solidumengine\solidumengine\x64\debug\world.obj
c:\users\natha\documents\visual studio 2015\projects\solidumengine\solidumengine\x64\debug\worldmanager.obj
c:\users\natha\documents\visual studio 2015\projects\solidumengine\solidumengine\x64\debug\worldcell.obj
c:\users\natha\documents\visual studio 2015\projects\solidumengine\solidumengine\x64\debug\sunmoonlightingcomponent.obj
c:\users\natha\documents\visual studio 2015\projects\solidumengine\solidumengine\x64\debug\rendertargetmanager.obj
c:\users\natha\documents\visual studio 2015\projects\solidumengine\solidumengine\x64\debug\meshmanager.obj
c:\users\natha\documents\visual studio 2015\projects\solidumengine\solidumengine\x64\debug\iresourcebuilder.obj
c:\users\natha\documents\visual studio 2015\projects\solidumengine\solidumengine\x64\debug\iresourcemanager.obj
c:\users\natha\documents\visual studio 2015\projects\solidumengine\solidumengine\x64\debug\iresource.obj
c:\users\natha\documents\visual studio 2015\projects\solidumengine\solidumengine\x64\debug\engineinstance.obj
c:\users\natha\documents\visual studio 2015\projects\solidumengine\solidumengine\x64\debug\material.obj
c:\users\natha\documents\visual studio 2015\projects\solidumengine\solidumengine\x64\debug\dynamicstruct.obj
c:\users\natha\documents\visual studio 2015\projects\solidumengine\solidumengine\x64\debug\shader.obj
c:\users\natha\documents\visual studio 2015\projects\solidumengine\solidumengine\x64\debug\shaderinputlayout.obj
c:\users\natha\documents\visual studio 2015\projects\solidumengine\solidumengine\x64\debug\dxshaderinputlayout.obj
c:\users\natha\documents\visual studio 2015\projects\solidumengine\solidumengine\x64\debug\gpubuffer.obj
c:\users\natha\documents\visual studio 2015\projects\solidumengine\solidumengine\x64\debug\dxgpubuffer.obj
c:\users\natha\documents\visual studio 2015\projects\solidumengine\solidumengine\x64\debug\graphicscore.obj
c:\users\natha\documents\visual studio 2015\projects\solidumengine\solidumengine\x64\debug\rendertarget.obj
c:\users\natha\documents\visual studio 2015\projects\solidumengine\solidumengine\x64\debug\gpupipeline.obj
c:\users\natha\documents\visual studio 2015\projects\solidumengine\solidumengine\x64\debug\dxshader.obj
c:\users\natha\documents\visual studio 2015\projects\solidumengine\solidumengine\x64\debug\light.obj
c:\users\natha\documents\visual studio 2015\projects\solidumengine\solidumengine\x64\debug\dxrendertarget.obj
c:\users\natha\documents\visual studio 2015\projects\solidumengine\solidumengine\x64\debug\dxdevice.obj
c:\users\natha\documents\visual studio 2015\projects\solidumengine\solidumengine\x64\debug\lightcomponent.obj
c:\users\natha\documents\visual studio 2015\projects\solidumengine\solidumengine\x64\debug\meshcomponent.obj
c:\users\natha\documents\visual studio 2015\projects\solidumengine\solidumengine\x64\debug\eventhub.obj
c:\users\natha\documents\visual studio 2015\projects\solidumengine\solidumengine\x64\debug\movecomponent.obj
c:\users\natha\documents\visual studio 2015\projects\solidumengine\solidumengine\x64\debug\inputevent.obj
c:\users\natha\documents\visual studio 2015\projects\solidumengine\solidumengine\x64\debug\inputhandler.obj
c:\users\natha\documents\visual studio 2015\projects\solidumengine\solidumengine\x64\debug\inputmanager.obj
c:\users\natha\documents\visual studio 2015\projects\solidumengine\solidumengine\x64\debug\eventframeworkcore.obj
c:\users\natha\documents\visual studio 2015\projects\solidumengine\solidumengine\x64\debug\ievent.obj
c:\users\natha\documents\visual studio 2015\projects\solidumengine\solidumengine\x64\debug\ieventlistener.obj
c:\users\natha\documents\visual studio 2015\projects\solidumengine\solidumengine\x64\debug\icomponent.obj
c:\users\natha\documents\visual studio 2015\projects\solidumengine\solidumengine\x64\debug\entity.obj
c:\users\natha\documents\visual studio 2015\projects\solidumengine\solidumengine\x64\debug\ilight.obj
c:\users\natha\documents\visual studio 2015\projects\solidumengine\solidumengine\x64\debug\activegraphicsapi.obj
c:\users\natha\documents\visual studio 2015\projects\solidumengine\solidumengine\x64\debug\resourcemanagerpool.obj
c:\users\natha\documents\visual studio 2015\projects\solidumengine\solidumengine\x64\debug\shadermanager.obj
c:\users\natha\documents\visual studio 2015\projects\solidumengine\solidumengine\x64\debug\materialmanager.obj
c:\users\natha\documents\visual studio 2015\projects\solidumengine\solidumengine\x64\debug\lightmanager.obj
c:\users\natha\documents\visual studio 2015\projects\solidumengine\solidumengine\x64\debug\gpupipelinemanager.obj
c:\users\natha\documents\visual studio 2015\projects\solidumengine\solidumengine\x64\debug\gpubuffermanager.obj
c:\users\natha\documents\visual studio 2015\projects\solidumengine\solidumengine\x64\debug\shadowgenrendernode.obj
c:\users\natha\documents\visual studio 2015\projects\solidumengine\solidumengine\x64\debug\orbitcomponent.obj
c:\users\natha\documents\visual studio 2015\projects\solidumengine\solidumengine\x64\debug\skydomeweathercomponent.obj
c:\users\natha\documents\visual studio 2015\projects\solidumengine\solidumengine\x64\debug\skyboxrendernode.obj
c:\users\natha\documents\visual studio 2015\projects\solidumengine\solidumengine\x64\debug\gclqmanager.obj
c:\users\natha\documents\visual studio 2015\projects\solidumengine\solidumengine\x64\debug\shadercommand.obj
c:\users\natha\documents\visual studio 2015\projects\solidumengine\solidumengine\x64\debug\graphicscommandlistqueue.obj
c:\users\natha\documents\visual studio 2015\projects\solidumengine\solidumengine\x64\debug\graphicscommand.obj
c:\users\natha\documents\visual studio 2015\projects\solidumengine\solidumengine\x64\debug\pipelinefunctions.obj
c:\users\natha\documents\visual studio 2015\projects\solidumengine\solidumengine\x64\debug\dx11_pipeline_functions_wrapper.obj
c:\users\natha\documents\visual studio 2015\projects\solidumengine\solidumengine\x64\debug\pipelinecommand.obj
c:\users\natha\documents\visual studio 2015\projects\solidumengine\solidumengine\x64\debug\irendernodetree.obj
c:\users\natha\documents\visual studio 2015\projects\solidumengine\solidumengine\x64\debug\rendernodeevent.obj
c:\users\natha\documents\visual studio 2015\projects\solidumengine\solidumengine\x64\debug\rendernodetree.obj
c:\users\natha\documents\visual studio 2015\projects\solidumengine\solidumengine\x64\debug\lightrendernode.obj
c:\users\natha\documents\visual studio 2015\projects\solidumengine\solidumengine\x64\debug\meshrendernode.obj
c:\users\natha\documents\visual studio 2015\projects\solidumengine\solidumengine\x64\debug\rendernode.obj
c:\users\natha\documents\visual studio 2015\projects\solidumengine\solidumengine\x64\debug\renderparams.obj
c:\users\natha\documents\visual studio 2015\projects\solidumengine\solidumengine\x64\debug\component.obj
c:\users\natha\documents\visual studio 2015\projects\solidumengine\solidumengine\x64\debug\ientity.obj
c:\users\natha\documents\visual studio 2015\projects\solidumengine\solidumengine\x64\debug\igraphicscore.obj
c:\users\natha\documents\visual studio 2015\projects\solidumengine\solidumengine\x64\debug\graphicscommandfactory.obj
c:\users\natha\documents\visual studio 2015\projects\solidumengine\solidumengine\x64\debug\graphicscommandpool.obj
c:\users\natha\documents\visual studio 2015\projects\solidumengine\solidumengine\x64\debug\rendernodefactory.obj
c:\users\natha\documents\visual studio 2015\projects\solidumengine\solidumengine\x64\debug\rendernodepool.obj
c:\users\natha\documents\visual studio 2015\projects\solidumengine\solidumengine\x64\debug\entitycomponentslot.obj
c:\users\natha\documents\visual studio 2015\projects\solidumengine\solidumengine\x64\debug\graphicscommandlist.obj
c:\users\natha\documents\visual studio 2015\projects\solidumengine\solidumengine\x64\debug\viewport.obj
c:\users\natha\documents\visual studio 2015\projects\solidumengine\solidumengine\x64\debug\ientityrenderobject.obj
c:\users\natha\documents\visual studio 2015\projects\solidumengine\solidumengine\x64\debug\entityrenderobject.obj
c:\users\natha\documents\visual studio 2015\projects\solidumengine\solidumengine\x64\debug\depthstencilmanager.obj
c:\users\natha\documents\visual studio 2015\projects\solidumengine\solidumengine\x64\debug\dxdepthstencil.obj
c:\users\natha\documents\visual studio 2015\projects\solidumengine\solidumengine\x64\debug\depthstencil.obj
c:\users\natha\documents\visual studio 2015\projects\solidumengine\solidumengine\x64\debug\boundingsphere.obj
c:\users\natha\documents\visual studio 2015\projects\solidumengine\solidumengine\x64\debug\iengineinstance.obj
c:\users\natha\documents\visual studio 2015\projects\solidumengine\x64\debug\solidumengine.ilk
c:\users\natha\documents\visual studio 2015\projects\solidumengine\x64\debug\solidumengine.exe
c:\users\natha\documents\visual studio 2015\projects\solidumengine\x64\debug\solidumengine.pdb
c:\users\natha\documents\visual studio 2015\projects\solidumengine\solidumengine\x64\debug\solidumengine.tlog\cl.command.1.tlog
c:\users\natha\documents\visual studio 2015\projects\solidumengine\solidumengine\x64\debug\solidumengine.tlog\cl.read.1.tlog
c:\users\natha\documents\visual studio 2015\projects\solidumengine\solidumengine\x64\debug\solidumengine.tlog\cl.write.1.tlog
c:\users\natha\documents\visual studio 2015\projects\solidumengine\solidumengine\x64\debug\solidumengine.tlog\link.command.1.tlog
c:\users\natha\documents\visual studio 2015\projects\solidumengine\solidumengine\x64\debug\solidumengine.tlog\link.read.1.tlog
c:\users\natha\documents\visual studio 2015\projects\solidumengine\solidumengine\x64\debug\solidumengine.tlog\link.write.1.tlog
