  IGraphicsCore.cpp
c:\users\natha\documents\visual studio 2015\projects\solidumengine\solidumengine\solidum\graphicsrendering\graphicscore\include\../../../sysInclude.h(17): fatal error C1083: Cannot open include file: 'd3dx11.h': No such file or directory
  GraphicsCommandFactory.cpp
c:\users\natha\documents\visual studio 2015\projects\solidumengine\solidumengine\solidum\graphicsrendering\graphicscommand\include\../../../sysInclude.h(17): fatal error C1083: Cannot open include file: 'd3dx11.h': No such file or directory
  GraphicsCommandPool.cpp
c:\users\natha\documents\visual studio 2015\projects\solidumengine\solidumengine\solidum\resourceframework\include\../../sysInclude.h(17): fatal error C1083: Cannot open include file: 'd3dx11.h': No such file or directory
  RenderNodeFactory.cpp
c:\users\natha\documents\visual studio 2015\projects\solidumengine\solidumengine\solidum\graphicsrendering\rendernode\include\../../../sysInclude.h(17): fatal error C1083: Cannot open include file: 'd3dx11.h': No such file or directory
  RenderNodePool.cpp
c:\users\natha\documents\visual studio 2015\projects\solidumengine\solidumengine\solidum\resourceframework\include\../../sysInclude.h(17): fatal error C1083: Cannot open include file: 'd3dx11.h': No such file or directory
  EntityComponentSlot.cpp
  GraphicsCommandList.cpp
c:\users\natha\documents\visual studio 2015\projects\solidumengine\solidumengine\solidum\graphicsrendering\graphicscommandlist\include\../../../sysInclude.h(17): fatal error C1083: Cannot open include file: 'd3dx11.h': No such file or directory
  Viewport.cpp
c:\users\natha\documents\visual studio 2015\projects\solidumengine\solidumengine\solidum\graphicsrendering\viewport\include\../../../sysInclude.h(17): fatal error C1083: Cannot open include file: 'd3dx11.h': No such file or directory
  IEntityRenderObject.cpp
  EntityRenderObject.cpp
c:\users\natha\documents\visual studio 2015\projects\solidumengine\solidumengine\solidum\graphicsrendering\entityrenderobject\include\../../../sysInclude.h(17): fatal error C1083: Cannot open include file: 'd3dx11.h': No such file or directory
  ShadowGenRenderNode.cpp
c:\users\natha\documents\visual studio 2015\projects\solidumengine\solidumengine\solidum\graphicsrendering\rendernode\include\../../../sysInclude.h(17): fatal error C1083: Cannot open include file: 'd3dx11.h': No such file or directory
  OrbitComponent.cpp
c:\users\natha\documents\visual studio 2015\projects\solidumengine\solidumengine\solidum\eventframework\include\../../sysInclude.h(17): fatal error C1083: Cannot open include file: 'd3dx11.h': No such file or directory
  SkydomeWeatherComponent.cpp
c:\users\natha\documents\visual studio 2015\projects\solidumengine\solidumengine\solidum\eventframework\include\../../sysInclude.h(17): fatal error C1083: Cannot open include file: 'd3dx11.h': No such file or directory
  SkyBoxRenderNode.cpp
c:\users\natha\documents\visual studio 2015\projects\solidumengine\solidumengine\solidum\graphicsrendering\rendernode\include\../../../sysInclude.h(17): fatal error C1083: Cannot open include file: 'd3dx11.h': No such file or directory
  GCLQManager.cpp
c:\users\natha\documents\visual studio 2015\projects\solidumengine\solidumengine\solidum\graphicsrendering\graphicscommandlistqueuemanager\include\../../../sysInclude.h(17): fatal error C1083: Cannot open include file: 'd3dx11.h': No such file or directory
  ShaderCommand.cpp
c:\users\natha\documents\visual studio 2015\projects\solidumengine\solidumengine\solidum\graphicsrendering\shadercommands\include\../../../sysInclude.h(17): fatal error C1083: Cannot open include file: 'd3dx11.h': No such file or directory
  GraphicsCommandListQueue.cpp
c:\users\natha\documents\visual studio 2015\projects\solidumengine\solidumengine\solidum\graphicsrendering\graphicscommandlistqueue\include\../../../sysInclude.h(17): fatal error C1083: Cannot open include file: 'd3dx11.h': No such file or directory
  GraphicsCommand.cpp
c:\users\natha\documents\visual studio 2015\projects\solidumengine\solidumengine\solidum\graphicsrendering\graphicscommand\include\../../../sysInclude.h(17): fatal error C1083: Cannot open include file: 'd3dx11.h': No such file or directory
  PipelineFunctions.cpp
c:\users\natha\documents\visual studio 2015\projects\solidumengine\solidumengine\solidum\graphicsrendering\pipelinecommands\include\../../../sysInclude.h(17): fatal error C1083: Cannot open include file: 'd3dx11.h': No such file or directory
  dx11_pipeline_functions_wrapper.cpp
c:\users\natha\documents\visual studio 2015\projects\solidumengine\solidumengine\solidum\graphicsrendering\directx11rendering\api_function_wrappers\include\../../../../sysInclude.h(17): fatal error C1083: Cannot open include file: 'd3dx11.h': No such file or directory
  Compiling...
  PipelineCommand.cpp
c:\users\natha\documents\visual studio 2015\projects\solidumengine\solidumengine\solidum\graphicsrendering\pipelinecommands\include\../../../sysInclude.h(17): fatal error C1083: Cannot open include file: 'd3dx11.h': No such file or directory
  IRenderNodeTree.cpp
c:\users\natha\documents\visual studio 2015\projects\solidumengine\solidumengine\solidum\graphicsrendering\rendernodetree\include\../../../sysInclude.h(17): fatal error C1083: Cannot open include file: 'd3dx11.h': No such file or directory
  RenderNodeEvent.cpp
c:\users\natha\documents\visual studio 2015\projects\solidumengine\solidumengine\solidum\eventframework\include\../../sysInclude.h(17): fatal error C1083: Cannot open include file: 'd3dx11.h': No such file or directory
  RenderNodeTree.cpp
c:\users\natha\documents\visual studio 2015\projects\solidumengine\solidumengine\solidum\graphicsrendering\rendernode\include\../../../sysInclude.h(17): fatal error C1083: Cannot open include file: 'd3dx11.h': No such file or directory
  LightRenderNode.cpp
c:\users\natha\documents\visual studio 2015\projects\solidumengine\solidumengine\solidum\graphicsrendering\rendernode\include\../../../sysInclude.h(17): fatal error C1083: Cannot open include file: 'd3dx11.h': No such file or directory
  MeshRenderNode.cpp
c:\users\natha\documents\visual studio 2015\projects\solidumengine\solidumengine\solidum\graphicsrendering\rendernode\include\../../../sysInclude.h(17): fatal error C1083: Cannot open include file: 'd3dx11.h': No such file or directory
  RenderNode.cpp
c:\users\natha\documents\visual studio 2015\projects\solidumengine\solidumengine\solidum\graphicsrendering\rendernode\include\../../../sysInclude.h(17): fatal error C1083: Cannot open include file: 'd3dx11.h': No such file or directory
  RenderParams.cpp
  Component.cpp
c:\users\natha\documents\visual studio 2015\projects\solidumengine\solidumengine\solidum\eventframework\include\../../sysInclude.h(17): fatal error C1083: Cannot open include file: 'd3dx11.h': No such file or directory
  IEntity.cpp
c:\users\natha\documents\visual studio 2015\projects\solidumengine\solidumengine\solidum\entityframework\entity\include\../../../sysInclude.h(17): fatal error C1083: Cannot open include file: 'd3dx11.h': No such file or directory
  LightComponent.cpp
c:\users\natha\documents\visual studio 2015\projects\solidumengine\solidumengine\solidum\eventframework\include\../../sysInclude.h(17): fatal error C1083: Cannot open include file: 'd3dx11.h': No such file or directory
  MeshComponent.cpp
c:\users\natha\documents\visual studio 2015\projects\solidumengine\solidumengine\solidum\eventframework\include\../../sysInclude.h(17): fatal error C1083: Cannot open include file: 'd3dx11.h': No such file or directory
  EventHub.cpp
c:\users\natha\documents\visual studio 2015\projects\solidumengine\solidumengine\solidum\eventframework\include\../../sysInclude.h(17): fatal error C1083: Cannot open include file: 'd3dx11.h': No such file or directory
  MoveComponent.cpp
c:\users\natha\documents\visual studio 2015\projects\solidumengine\solidumengine\solidum\eventframework\include\../../sysInclude.h(17): fatal error C1083: Cannot open include file: 'd3dx11.h': No such file or directory
  InputEvent.cpp
c:\users\natha\documents\visual studio 2015\projects\solidumengine\solidumengine\solidum\eventframework\include\../../sysInclude.h(17): fatal error C1083: Cannot open include file: 'd3dx11.h': No such file or directory
  InputHandler.cpp
c:\users\natha\documents\visual studio 2015\projects\solidumengine\solidumengine\solidum\resourceframework\include\../../sysInclude.h(17): fatal error C1083: Cannot open include file: 'd3dx11.h': No such file or directory
  InputManager.cpp
c:\users\natha\documents\visual studio 2015\projects\solidumengine\solidumengine\solidum\inputhandling\include\../../sysInclude.h(17): fatal error C1083: Cannot open include file: 'd3dx11.h': No such file or directory
  EventFrameworkCore.cpp
c:\users\natha\documents\visual studio 2015\projects\solidumengine\solidumengine\solidum\eventframework\include\../../sysInclude.h(17): fatal error C1083: Cannot open include file: 'd3dx11.h': No such file or directory
  IEvent.cpp
c:\users\natha\documents\visual studio 2015\projects\solidumengine\solidumengine\solidum\eventframework\include\../../sysInclude.h(17): fatal error C1083: Cannot open include file: 'd3dx11.h': No such file or directory
  IEventListener.cpp
c:\users\natha\documents\visual studio 2015\projects\solidumengine\solidumengine\solidum\eventframework\include\../../sysInclude.h(17): fatal error C1083: Cannot open include file: 'd3dx11.h': No such file or directory
  Compiling...
  IComponent.cpp
c:\users\natha\documents\visual studio 2015\projects\solidumengine\solidumengine\solidum\eventframework\include\../../sysInclude.h(17): fatal error C1083: Cannot open include file: 'd3dx11.h': No such file or directory
  Entity.cpp
c:\users\natha\documents\visual studio 2015\projects\solidumengine\solidumengine\solidum\entityframework\entity\include\../../../sysInclude.h(17): fatal error C1083: Cannot open include file: 'd3dx11.h': No such file or directory
  ILight.cpp
c:\users\natha\documents\visual studio 2015\projects\solidumengine\solidumengine\solidum\graphicsrendering\lights\include\../../../sysInclude.h(17): fatal error C1083: Cannot open include file: 'd3dx11.h': No such file or directory
  ActiveGraphicsAPI.cpp
  ResourceManagerPool.cpp
c:\users\natha\documents\visual studio 2015\projects\solidumengine\solidumengine\solidum\resourceframework\include\../../sysInclude.h(17): fatal error C1083: Cannot open include file: 'd3dx11.h': No such file or directory
  ShaderManager.cpp
c:\users\natha\documents\visual studio 2015\projects\solidumengine\solidumengine\solidum\graphicsrendering\shaders\include\../../../sysInclude.h(17): fatal error C1083: Cannot open include file: 'd3dx11.h': No such file or directory
  MaterialManager.cpp
c:\users\natha\documents\visual studio 2015\projects\solidumengine\solidumengine\solidum\graphicsrendering\material\include\../../../sysInclude.h(17): fatal error C1083: Cannot open include file: 'd3dx11.h': No such file or directory
  LightManager.cpp
c:\users\natha\documents\visual studio 2015\projects\solidumengine\solidumengine\solidum\graphicsrendering\lights\include\../../../sysInclude.h(17): fatal error C1083: Cannot open include file: 'd3dx11.h': No such file or directory
  GPUPipelineManager.cpp
c:\users\natha\documents\visual studio 2015\projects\solidumengine\solidumengine\solidum\graphicsrendering\gpupipeline\include\../../../sysInclude.h(17): fatal error C1083: Cannot open include file: 'd3dx11.h': No such file or directory
  GPUBufferManager.cpp
c:\users\natha\documents\visual studio 2015\projects\solidumengine\solidumengine\solidum\graphicsrendering\graphicsbuffers\include\../../../sysInclude.h(17): fatal error C1083: Cannot open include file: 'd3dx11.h': No such file or directory
  RenderTargetManager.cpp
c:\users\natha\documents\visual studio 2015\projects\solidumengine\solidumengine\solidum\resourceframework\include\../../sysInclude.h(17): fatal error C1083: Cannot open include file: 'd3dx11.h': No such file or directory
  meshManager.cpp
c:\users\natha\documents\visual studio 2015\projects\solidumengine\solidumengine\solidum\graphicsrendering\mesh\include\../../../sysInclude.h(17): fatal error C1083: Cannot open include file: 'd3dx11.h': No such file or directory
  IResourceBuilder.cpp
  IResourceManager.cpp
c:\users\natha\documents\visual studio 2015\projects\solidumengine\solidumengine\solidum\resourceframework\include\../../sysInclude.h(17): fatal error C1083: Cannot open include file: 'd3dx11.h': No such file or directory
  IResource.cpp
c:\users\natha\documents\visual studio 2015\projects\solidumengine\solidumengine\solidum\resourceframework\include\../../sysInclude.h(17): fatal error C1083: Cannot open include file: 'd3dx11.h': No such file or directory
  EngineInstance.cpp
c:\users\natha\documents\visual studio 2015\projects\solidumengine\solidumengine\solidum\enginecore\include\../../sysInclude.h(17): fatal error C1083: Cannot open include file: 'd3dx11.h': No such file or directory
  Material.cpp
c:\users\natha\documents\visual studio 2015\projects\solidumengine\solidumengine\solidum\graphicsrendering\material\include\../../../sysInclude.h(17): fatal error C1083: Cannot open include file: 'd3dx11.h': No such file or directory
  DynamicStruct.cpp
c:\users\natha\documents\visual studio 2015\projects\solidumengine\solidumengine\solidum\engineutils\include\../../sysInclude.h(17): fatal error C1083: Cannot open include file: 'd3dx11.h': No such file or directory
  Shader.cpp
c:\users\natha\documents\visual studio 2015\projects\solidumengine\solidumengine\solidum\graphicsrendering\shaders\include\../../../sysInclude.h(17): fatal error C1083: Cannot open include file: 'd3dx11.h': No such file or directory
  ShaderInputLayout.cpp
c:\users\natha\documents\visual studio 2015\projects\solidumengine\solidumengine\solidum\graphicsrendering\shaders\include\../../../sysInclude.h(17): fatal error C1083: Cannot open include file: 'd3dx11.h': No such file or directory
  Compiling...
  dxShaderInputLayout.cpp
c:\users\natha\documents\visual studio 2015\projects\solidumengine\solidumengine\solidum\graphicsrendering\directx11rendering\dxshaders\include\../../../../sysInclude.h(17): fatal error C1083: Cannot open include file: 'd3dx11.h': No such file or directory
  GPUBuffer.cpp
c:\users\natha\documents\visual studio 2015\projects\solidumengine\solidumengine\solidum\graphicsrendering\graphicsbuffers\include\../../../sysInclude.h(17): fatal error C1083: Cannot open include file: 'd3dx11.h': No such file or directory
  dxGPUBuffer.cpp
c:\users\natha\documents\visual studio 2015\projects\solidumengine\solidumengine\solidum\graphicsrendering\directx11rendering\dxbuffers\include\../../../../sysInclude.h(17): fatal error C1083: Cannot open include file: 'd3dx11.h': No such file or directory
  GraphicsCore.cpp
c:\users\natha\documents\visual studio 2015\projects\solidumengine\solidumengine\solidum\graphicsrendering\graphicscore\include\../../../sysInclude.h(17): fatal error C1083: Cannot open include file: 'd3dx11.h': No such file or directory
  RenderTarget.cpp
c:\users\natha\documents\visual studio 2015\projects\solidumengine\solidumengine\solidum\graphicsrendering\rendertarget\include\../../../sysInclude.h(17): fatal error C1083: Cannot open include file: 'd3dx11.h': No such file or directory
  GPUPipeline.cpp
c:\users\natha\documents\visual studio 2015\projects\solidumengine\solidumengine\solidum\graphicsrendering\gpupipeline\include\../../../sysInclude.h(17): fatal error C1083: Cannot open include file: 'd3dx11.h': No such file or directory
  dxShader.cpp
c:\users\natha\documents\visual studio 2015\projects\solidumengine\solidumengine\solidum\graphicsrendering\directx11rendering\dxshaders\include\../../../../sysInclude.h(17): fatal error C1083: Cannot open include file: 'd3dx11.h': No such file or directory
  Light.cpp
c:\users\natha\documents\visual studio 2015\projects\solidumengine\solidumengine\solidum\graphicsrendering\lights\include\../../../sysInclude.h(17): fatal error C1083: Cannot open include file: 'd3dx11.h': No such file or directory
  dxRenderTarget.cpp
c:\users\natha\documents\visual studio 2015\projects\solidumengine\solidumengine\solidum\graphicsrendering\directx11rendering\dxrendertarget\include\../../../../sysInclude.h(17): fatal error C1083: Cannot open include file: 'd3dx11.h': No such file or directory
  dxDevice.cpp
c:\users\natha\documents\visual studio 2015\projects\solidumengine\solidumengine\solidum\graphicsrendering\directx11rendering\dxdevice\include\../../../../sysInclude.h(17): fatal error C1083: Cannot open include file: 'd3dx11.h': No such file or directory
  dxDeviceManager.cpp
c:\users\natha\documents\visual studio 2015\projects\solidumengine\solidumengine\solidum\graphicsrendering\directx11rendering\dxdevice\include\../../../../sysInclude.h(17): fatal error C1083: Cannot open include file: 'd3dx11.h': No such file or directory
  dxDeviceAccessor.cpp
c:\users\natha\documents\visual studio 2015\projects\solidumengine\solidumengine\solidum\graphicsrendering\directx11rendering\dxdevice\include\../../../../sysInclude.h(17): fatal error C1083: Cannot open include file: 'd3dx11.h': No such file or directory
  dxTextureSampleState.cpp
c:\users\natha\documents\visual studio 2015\projects\solidumengine\solidumengine\solidum\graphicsrendering\directx11rendering\dxtextures\include\../../../../sysInclude.h(17): fatal error C1083: Cannot open include file: 'd3dx11.h': No such file or directory
  CameraComponent.cpp
c:\users\natha\documents\visual studio 2015\projects\solidumengine\solidumengine\solidum\eventframework\include\../../sysInclude.h(17): fatal error C1083: Cannot open include file: 'd3dx11.h': No such file or directory
  dxTexture.cpp
c:\users\natha\documents\visual studio 2015\projects\solidumengine\solidumengine\solidum\graphicsrendering\directx11rendering\dxtextures\include\../../../../sysInclude.h(17): fatal error C1083: Cannot open include file: 'd3dx11.h': No such file or directory
  main.cpp
c:\users\natha\documents\visual studio 2015\projects\solidumengine\solidumengine\solidum\eventframework\include\../../sysInclude.h(17): fatal error C1083: Cannot open include file: 'd3dx11.h': No such file or directory
  mesh.cpp
c:\users\natha\documents\visual studio 2015\projects\solidumengine\solidumengine\solidum\graphicsrendering\mesh\include\../../../sysInclude.h(17): fatal error C1083: Cannot open include file: 'd3dx11.h': No such file or directory
  meshLoader.cpp
c:\users\natha\documents\visual studio 2015\projects\solidumengine\solidumengine\solidum\graphicsrendering\mesh\include\../../../sysInclude.h(17): fatal error C1083: Cannot open include file: 'd3dx11.h': No such file or directory
  meshLoaderOBJ.cpp
c:\users\natha\documents\visual studio 2015\projects\solidumengine\solidumengine\solidum\graphicsrendering\mesh\include\../../../sysInclude.h(17): fatal error C1083: Cannot open include file: 'd3dx11.h': No such file or directory
  window.cpp
  Compiling...
  Transform.cpp
c:\users\natha\documents\visual studio 2015\projects\solidumengine\solidumengine\solidum\graphicsrendering\transform\include\../../../sysInclude.h(17): fatal error C1083: Cannot open include file: 'd3dx11.h': No such file or directory
  StringManipulation.cpp
c:\users\natha\documents\visual studio 2015\projects\solidumengine\solidumengine\solidum\engineutils\include\../../sysInclude.h(17): fatal error C1083: Cannot open include file: 'd3dx11.h': No such file or directory
  Texture.cpp
c:\users\natha\documents\visual studio 2015\projects\solidumengine\solidumengine\solidum\graphicsrendering\textures\include\../../../sysInclude.h(17): fatal error C1083: Cannot open include file: 'd3dx11.h': No such file or directory
  TextureSampler.cpp
c:\users\natha\documents\visual studio 2015\projects\solidumengine\solidumengine\solidum\graphicsrendering\textures\include\../../../sysInclude.h(17): fatal error C1083: Cannot open include file: 'd3dx11.h': No such file or directory
  TextureManager.cpp
c:\users\natha\documents\visual studio 2015\projects\solidumengine\solidumengine\solidum\graphicsrendering\textures\include\../../../sysInclude.h(17): fatal error C1083: Cannot open include file: 'd3dx11.h': No such file or directory
  TextureSamplerManager.cpp
c:\users\natha\documents\visual studio 2015\projects\solidumengine\solidumengine\solidum\resourceframework\include\../../sysInclude.h(17): fatal error C1083: Cannot open include file: 'd3dx11.h': No such file or directory
  World.cpp
c:\users\natha\documents\visual studio 2015\projects\solidumengine\solidumengine\solidum\worldsimulation\include\../../sysInclude.h(17): fatal error C1083: Cannot open include file: 'd3dx11.h': No such file or directory
  WorldManager.cpp
  WorldCell.cpp
c:\users\natha\documents\visual studio 2015\projects\solidumengine\solidumengine\solidum\worldsimulation\include\../../sysInclude.h(17): fatal error C1083: Cannot open include file: 'd3dx11.h': No such file or directory
  SunMoonLightingComponent.cpp
c:\users\natha\documents\visual studio 2015\projects\solidumengine\solidumengine\solidum\eventframework\include\../../sysInclude.h(17): fatal error C1083: Cannot open include file: 'd3dx11.h': No such file or directory
