  PipelineFunctions.cpp
  PipelineCommand.cpp
  GraphicsCore.cpp
  GPUPipeline.cpp
  dx11_pipeline_functions_wrapper.cpp
c:\users\natha\documents\visual studio 2015\projects\solidumengine\solidumengine\solidum\graphicsrendering\directx11rendering\api_function_wrappers\src\dx11_pipeline_functions_wrapper.cpp(99): warning C4267: 'argument': conversion from 'size_t' to 'UINT', possible loss of data
  Generating Code...
  Compiling...
  main.cpp
c:\users\natha\documents\visual studio 2015\projects\solidumengine\solidumengine\main.cpp(28): warning C4996: 'freopen': This function or variable may be unsafe. Consider using freopen_s instead. To disable deprecation, use _CRT_SECURE_NO_WARNINGS. See online help for details.
  c:\program files (x86)\windows kits\10\include\10.0.10240.0\ucrt\stdio.h(240): note: see declaration of 'freopen'
  WorldCell.cpp
  World.cpp
  ResourceManagerPool.cpp
  IResourceManager.cpp
  IResource.cpp
  InputManager.cpp
  InputHandler.cpp
  Transform.cpp
  TextureSamplerManager.cpp
  TextureSampler.cpp
  TextureManager.cpp
  Texture.cpp
  ShaderManager.cpp
  ShaderInputLayout.cpp
  Shader.cpp
  RenderTargetManager.cpp
  RenderTarget.cpp
  RenderNode.cpp
  MeshRenderNode.cpp
  Generating Code...
  Compiling...
  LightRenderNode.cpp
  RenderNodeTree.cpp
  IRenderNodeTree.cpp
  RenderCommand.cpp
  PipelineCommandQueue.cpp
  meshManager.cpp
  meshLoaderOBJ.cpp
c:\users\natha\documents\visual studio 2015\projects\solidumengine\solidumengine\solidum\graphicsrendering\mesh\src\meshloaderobj.cpp(145): warning C4267: '=': conversion from 'size_t' to 'int', possible loss of data
c:\users\natha\documents\visual studio 2015\projects\solidumengine\solidumengine\solidum\graphicsrendering\mesh\src\meshloaderobj.cpp(146): warning C4267: '=': conversion from 'size_t' to 'int', possible loss of data
c:\users\natha\documents\visual studio 2015\projects\solidumengine\solidumengine\solidum\graphicsrendering\mesh\src\meshloaderobj.cpp(148): warning C4267: '=': conversion from 'size_t' to 'int', possible loss of data
c:\users\natha\documents\visual studio 2015\projects\solidumengine\solidumengine\solidum\graphicsrendering\mesh\src\meshloaderobj.cpp(175): warning C4267: '=': conversion from 'size_t' to 'int', possible loss of data
  meshLoader.cpp
  mesh.cpp
  MaterialManager.cpp
  Material.cpp
  LightManager.cpp
  Light.cpp
  ILight.cpp
  GPUBufferManager.cpp
  GPUBuffer.cpp
  GPUPipelineManager.cpp
  dxTextureSampleState.cpp
  dxTexture.cpp
  dxShaderInputLayout.cpp
  Generating Code...
  Compiling...
  dxShader.cpp
  dxRenderTarget.cpp
  dxDeviceManager.cpp
  dxDeviceAccessor.cpp
  dxDevice.cpp
  dxGPUBuffer.cpp
c:\users\natha\documents\visual studio 2015\projects\solidumengine\solidumengine\solidum\graphicsrendering\directx11rendering\dxbuffers\src\dxgpubuffer.cpp(55): warning C4267: '=': conversion from 'size_t' to 'UINT', possible loss of data
  RenderNodeEvent.cpp
  InputEvent.cpp
  IEventListener.cpp
  IEvent.cpp
  EventHub.cpp
  EventFrameworkCore.cpp
  IEntity.cpp
  Entity.cpp
  MoveComponent.cpp
  MeshComponent.cpp
  LightComponent.cpp
  IComponent.cpp
  Component.cpp
  CameraComponent.cpp
c:\users\natha\documents\visual studio 2015\projects\solidumengine\solidumengine\solidum\entityframework\components\src\cameracomponent.cpp(45): warning C4244: '=': conversion from 'float' to 'int', possible loss of data
c:\users\natha\documents\visual studio 2015\projects\solidumengine\solidumengine\solidum\entityframework\components\src\cameracomponent.cpp(46): warning C4244: '=': conversion from 'float' to 'int', possible loss of data
c:\users\natha\documents\visual studio 2015\projects\solidumengine\solidumengine\solidum\entityframework\components\src\cameracomponent.cpp(48): warning C4244: 'argument': conversion from 'int' to 'const float', possible loss of data
c:\users\natha\documents\visual studio 2015\projects\solidumengine\solidumengine\solidum\entityframework\components\src\cameracomponent.cpp(67): warning C4305: 'initializing': truncation from 'double' to 'float'
c:\users\natha\documents\visual studio 2015\projects\solidumengine\solidumengine\solidum\entityframework\components\src\cameracomponent.cpp(149): warning C4244: 'argument': conversion from 'int' to 'const float', possible loss of data
  Generating Code...
  Compiling...
  StringManipulation.cpp
  DynamicStruct.cpp
c:\users\natha\documents\visual studio 2015\projects\solidumengine\solidumengine\solidum\engineutils\src\dynamicstruct.cpp(104): warning C4267: '+=': conversion from 'size_t' to 'int', possible loss of data
c:\users\natha\documents\visual studio 2015\projects\solidumengine\solidumengine\solidum\engineutils\src\dynamicstruct.cpp(111): warning C4267: '+=': conversion from 'size_t' to 'int', possible loss of data
  EngineInstance.cpp
  Generating Code...
  SolidumEngine.vcxproj -> C:\Users\natha\Documents\Visual Studio 2015\Projects\SolidumEngine\x64\Debug\SolidumEngine.exe
