FXC : warning X4717: Effects deprecated for D3DCompiler_47
  
  compilation object save succeeded; see C:\Users\natha\Documents\Visual Studio 2015\Projects\SolidumEngine\Debug\deferredShader.cso
FXC : warning X4717: Effects deprecated for D3DCompiler_47
  
  compilation object save succeeded; see C:\Users\natha\Documents\Visual Studio 2015\Projects\SolidumEngine\Debug\DirectionalLight.cso
FXC : warning X4717: Effects deprecated for D3DCompiler_47
C:\Users\natha\Documents\Visual Studio 2015\Projects\SolidumEngine\SolidumEngine\res\shaders\spotLight.fx(88,19-34): warning X3206: implicit truncation of vector type
C:\Users\natha\Documents\Visual Studio 2015\Projects\SolidumEngine\SolidumEngine\res\shaders\spotLight.fx(98,23-48): warning X3206: implicit truncation of vector type
C:\Users\natha\Documents\Visual Studio 2015\Projects\SolidumEngine\SolidumEngine\res\shaders\spotLight.fx(99,27-40): warning X3206: 'dot': implicit truncation of vector type
C:\Users\natha\Documents\Visual Studio 2015\Projects\SolidumEngine\SolidumEngine\res\shaders\spotLight.fx(100,19-31): warning X3206: implicit truncation of vector type
C:\Users\natha\Documents\Visual Studio 2015\Projects\SolidumEngine\SolidumEngine\res\shaders\spotLight.fx(103,23-45): warning X3206: implicit truncation of vector type
C:\Users\natha\Documents\Visual Studio 2015\Projects\SolidumEngine\SolidumEngine\res\shaders\spotLight.fx(105,28-41): warning X3206: 'dot': implicit truncation of vector type
C:\Users\natha\Documents\Visual Studio 2015\Projects\SolidumEngine\SolidumEngine\res\shaders\spotLight.fx(107,20-34): warning X3206: implicit truncation of vector type
  
  compilation object save succeeded; see C:\Users\natha\Documents\Visual Studio 2015\Projects\SolidumEngine\Debug\spotLight.cso
  StringManipulation.cpp
  Transform.cpp
  TextureFactory.cpp
  TextureSamplerFactory.cpp
  window.cpp
  meshLoaderOBJ.cpp
  meshLoader.cpp
  mesh.cpp
  main.cpp
  dxTexture.cpp
  windowAccessor.cpp
  camera.cpp
c:\users\natha\documents\visual studio 2015\projects\solidumengine\solidumengine\solidum\graphicsrendering\camera\src\camera.cpp(64): warning C4305: 'initializing': truncation from 'double' to 'float'
c:\users\natha\documents\visual studio 2015\projects\solidumengine\solidumengine\solidum\graphicsrendering\camera\src\camera.cpp(218): warning C4244: '=': conversion from 'LONG' to 'float', possible loss of data
c:\users\natha\documents\visual studio 2015\projects\solidumengine\solidumengine\solidum\graphicsrendering\camera\src\camera.cpp(219): warning C4244: '=': conversion from 'LONG' to 'float', possible loss of data
  dxTextureSampleState.cpp
  dxDeviceAccessor.cpp
  dxDeviceManager.cpp
  dxDevice.cpp
  dxIndexBuffer.cpp
  dxShaderBuffer.cpp
  dxVertexBuffer.cpp
  meshSubset.cpp
  Generating Code...
  Compiling...
  dxRenderTarget.cpp
  GraphicsBufferFactory.cpp
  IGraphicsBuffer.cpp
  IRenderer3D.cpp
  dxRenderer3D.cpp
  IRenderTarget.cpp
  RenderTargetFactory.cpp
  IShader.cpp
  ITexture.cpp
  ITextureSampler.cpp
  ShaderFactory.cpp
  Light.cpp
  SolidumObject.cpp
  GameObject.cpp
  movementController.cpp
  IController.cpp
  meshFactory.cpp
  LightFactory.cpp
  dxShader.cpp
  dxDynamicCBuffer.cpp
  Generating Code...
  SolidumEngine.vcxproj -> C:\Users\natha\Documents\Visual Studio 2015\Projects\SolidumEngine\Debug\SolidumEngine.exe
