c:\users\natha\documents\visual studio 2015\projects\solidumengine\solidumengine\debug\vc140.pdb
c:\users\natha\documents\visual studio 2015\projects\solidumengine\solidumengine\debug\vc140.idb
c:\users\natha\documents\visual studio 2015\projects\solidumengine\solidumengine\debug\meshsubset.obj
c:\users\natha\documents\visual studio 2015\projects\solidumengine\solidumengine\debug\dxvertexbuffer.obj
c:\users\natha\documents\visual studio 2015\projects\solidumengine\solidumengine\debug\dxshaderbuffer.obj
c:\users\natha\documents\visual studio 2015\projects\solidumengine\solidumengine\debug\dxindexbuffer.obj
c:\users\natha\documents\visual studio 2015\projects\solidumengine\solidumengine\debug\dxdevice.obj
c:\users\natha\documents\visual studio 2015\projects\solidumengine\solidumengine\debug\dxdevicemanager.obj
c:\users\natha\documents\visual studio 2015\projects\solidumengine\solidumengine\debug\dxdeviceaccessor.obj
c:\users\natha\documents\visual studio 2015\projects\solidumengine\solidumengine\debug\dxtexturesamplestate.obj
c:\users\natha\documents\visual studio 2015\projects\solidumengine\solidumengine\debug\camera.obj
c:\users\natha\documents\visual studio 2015\projects\solidumengine\solidumengine\debug\windowaccessor.obj
c:\users\natha\documents\visual studio 2015\projects\solidumengine\solidumengine\debug\dxtexture.obj
c:\users\natha\documents\visual studio 2015\projects\solidumengine\solidumengine\debug\main.obj
c:\users\natha\documents\visual studio 2015\projects\solidumengine\solidumengine\debug\mesh.obj
c:\users\natha\documents\visual studio 2015\projects\solidumengine\solidumengine\debug\meshloader.obj
c:\users\natha\documents\visual studio 2015\projects\solidumengine\solidumengine\debug\meshloaderobj.obj
c:\users\natha\documents\visual studio 2015\projects\solidumengine\solidumengine\debug\window.obj
c:\users\natha\documents\visual studio 2015\projects\solidumengine\solidumengine\debug\texturesamplerfactory.obj
c:\users\natha\documents\visual studio 2015\projects\solidumengine\solidumengine\debug\texturefactory.obj
c:\users\natha\documents\visual studio 2015\projects\solidumengine\solidumengine\debug\transform.obj
c:\users\natha\documents\visual studio 2015\projects\solidumengine\solidumengine\debug\stringmanipulation.obj
c:\users\natha\documents\visual studio 2015\projects\solidumengine\solidumengine\debug\dxdynamiccbuffer.obj
c:\users\natha\documents\visual studio 2015\projects\solidumengine\solidumengine\debug\dxshader.obj
c:\users\natha\documents\visual studio 2015\projects\solidumengine\solidumengine\debug\lightfactory.obj
c:\users\natha\documents\visual studio 2015\projects\solidumengine\solidumengine\debug\meshfactory.obj
c:\users\natha\documents\visual studio 2015\projects\solidumengine\solidumengine\debug\icontroller.obj
c:\users\natha\documents\visual studio 2015\projects\solidumengine\solidumengine\debug\movementcontroller.obj
c:\users\natha\documents\visual studio 2015\projects\solidumengine\solidumengine\debug\gameobject.obj
c:\users\natha\documents\visual studio 2015\projects\solidumengine\solidumengine\debug\solidumobject.obj
c:\users\natha\documents\visual studio 2015\projects\solidumengine\solidumengine\debug\light.obj
c:\users\natha\documents\visual studio 2015\projects\solidumengine\solidumengine\debug\shaderfactory.obj
c:\users\natha\documents\visual studio 2015\projects\solidumengine\solidumengine\debug\itexturesampler.obj
c:\users\natha\documents\visual studio 2015\projects\solidumengine\solidumengine\debug\itexture.obj
c:\users\natha\documents\visual studio 2015\projects\solidumengine\solidumengine\debug\ishader.obj
c:\users\natha\documents\visual studio 2015\projects\solidumengine\solidumengine\debug\rendertargetfactory.obj
c:\users\natha\documents\visual studio 2015\projects\solidumengine\solidumengine\debug\irendertarget.obj
c:\users\natha\documents\visual studio 2015\projects\solidumengine\solidumengine\debug\dxrenderer3d.obj
c:\users\natha\documents\visual studio 2015\projects\solidumengine\solidumengine\debug\irenderer3d.obj
c:\users\natha\documents\visual studio 2015\projects\solidumengine\solidumengine\debug\igraphicsbuffer.obj
c:\users\natha\documents\visual studio 2015\projects\solidumengine\solidumengine\debug\graphicsbufferfactory.obj
c:\users\natha\documents\visual studio 2015\projects\solidumengine\solidumengine\debug\dxrendertarget.obj
c:\users\natha\documents\visual studio 2015\projects\solidumengine\debug\deferredshader.cso
c:\users\natha\documents\visual studio 2015\projects\solidumengine\debug\directionallight.cso
c:\users\natha\documents\visual studio 2015\projects\solidumengine\debug\spotlight.cso
c:\users\natha\documents\visual studio 2015\projects\solidumengine\debug\solidumengine.ilk
c:\users\natha\documents\visual studio 2015\projects\solidumengine\debug\solidumengine.exe
c:\users\natha\documents\visual studio 2015\projects\solidumengine\debug\solidumengine.pdb
c:\users\natha\documents\visual studio 2015\projects\solidumengine\solidumengine\debug\solidumengine.tlog\cl.command.1.tlog
c:\users\natha\documents\visual studio 2015\projects\solidumengine\solidumengine\debug\solidumengine.tlog\cl.read.1.tlog
c:\users\natha\documents\visual studio 2015\projects\solidumengine\solidumengine\debug\solidumengine.tlog\cl.write.1.tlog
c:\users\natha\documents\visual studio 2015\projects\solidumengine\solidumengine\debug\solidumengine.tlog\fxc.command.1.tlog
c:\users\natha\documents\visual studio 2015\projects\solidumengine\solidumengine\debug\solidumengine.tlog\fxc.read.1.tlog
c:\users\natha\documents\visual studio 2015\projects\solidumengine\solidumengine\debug\solidumengine.tlog\fxc.write.1.tlog
c:\users\natha\documents\visual studio 2015\projects\solidumengine\solidumengine\debug\solidumengine.tlog\link.command.1.tlog
c:\users\natha\documents\visual studio 2015\projects\solidumengine\solidumengine\debug\solidumengine.tlog\link.read.1.tlog
c:\users\natha\documents\visual studio 2015\projects\solidumengine\solidumengine\debug\solidumengine.tlog\link.write.1.tlog
c:\users\natha\documents\visual studio 2015\projects\solidumengine\solidumengine\debug\solidumengine.tlog\solidumengine.write.1u.tlog
